***Starting server on port 51284 ***
Loading net-file from 'sumo_config/StudyAreNetwork.net.xml' ... done (13ms).
Loading additional-files from 'sumo_config/PublicTransport.xml' ... done (14ms).
Loading route-files incrementally from 'sumo_config/demand.rou.xml'
Loading done.
Warning: The 'filename' attribute is deprecated for decals. Please use 'file'.
Simulation started with time: 0.00.
Simulation ended at time: 100.00.
Reason: TraCI requested termination.
Performance:
 Duration: 27.45s
 TraCI-Duration: 8.75s
 Real time factor: 3.64272
 UPS: 230.475011
Vehicles:
 Inserted: 149 (Loaded: 204)
 Running: 93
 Waiting: 55
DijkstraRouter answered 226 queries and explored 13.31 edges on average.
DijkstraRouter spent 0.00s answering queries (0.00ms on average).
