***Starting server on port 51070 ***
Loading net-file from 'sumo_config/StudyAreNetwork.net.xml' ... done (38ms).
Loading additional-files from 'sumo_config/PublicTransport.xml' ... done (42ms).
Loading route-files incrementally from 'sumo_config/demand.rou.xml'
Loading done.
Warning: The 'filename' attribute is deprecated for decals. Please use 'file'.
Simulation started with time: 0.00.
Error: Answered with error to command 0xa4: Vehicle 'flow_444.0' is not known.
Simulation ended at time: 100.00.
Reason: TraCI requested termination.
Performance:
 Duration: 11.31s
 TraCI-Duration: 9.31s
 Real time factor: 8.84251
 UPS: 493.589177
Vehicles:
 Inserted: 132 (Loaded: 204)
 Running: 82
 Waiting: 72
DijkstraRouter answered 225 queries and explored 13.36 edges on average.
DijkstraRouter spent 0.00s answering queries (0.00ms on average).
