[2025-02-14 14:32:50] [INFO] [ETAFileLogger::__init__] ETA tracking log file initialized.
[2025-02-14 14:32:51] [INFO] [ETAVehicleTracker::__init__] Tracking vehicle flow_10 for ETA calculation.
[2025-02-14 14:32:51] [ERROR] [ETAVehicleTracker::initialize_tracking] Vehicle flow_10 not found in simulation.
[2025-02-14 14:32:51] [ERROR] [ETAVehicleTracker::track_vehicle] Error tracking vehicle flow_10 at step 0.
[2025-02-14 14:32:51] [ERROR] [ETAVehicleTracker::track_vehicle] Error tracking vehicle flow_10 at step 1.
[2025-02-14 14:32:51] [ERROR] [ETAVehicleTracker::track_vehicle] Error tracking vehicle flow_10 at step 2.
[2025-02-14 14:32:51] [ERROR] [ETAVehicleTracker::track_vehicle] Error tracking vehicle flow_10 at step 3.
[2025-02-14 14:32:51] [ERROR] [ETAVehicleTracker::track_vehicle] Error tracking vehicle flow_10 at step 4.
[2025-02-14 14:32:51] [ERROR] [ETAVehicleTracker::track_vehicle] Error tracking vehicle flow_10 at step 5.
[2025-02-14 14:32:51] [ERROR] [ETAVehicleTracker::track_vehicle] Error tracking vehicle flow_10 at step 6.
[2025-02-14 14:32:51] [ERROR] [ETAVehicleTracker::track_vehicle] Error tracking vehicle flow_10 at step 7.
[2025-02-14 14:32:51] [ERROR] [ETAVehicleTracker::track_vehicle] Error tracking vehicle flow_10 at step 8.
[2025-02-14 14:32:51] [ERROR] [ETAVehicleTracker::track_vehicle] Error tracking vehicle flow_10 at step 9.
[2025-02-14 14:32:51] [ERROR] [ETAVehicleTracker::track_vehicle] Error tracking vehicle flow_10 at step 10.
[2025-02-14 14:32:51] [ERROR] [ETAVehicleTracker::track_vehicle] Error tracking vehicle flow_10 at step 11.
[2025-02-14 14:32:51] [ERROR] [ETAVehicleTracker::track_vehicle] Error tracking vehicle flow_10 at step 12.
[2025-02-14 14:32:51] [ERROR] [ETAVehicleTracker::track_vehicle] Error tracking vehicle flow_10 at step 13.
[2025-02-14 14:32:51] [ERROR] [ETAVehicleTracker::track_vehicle] Error tracking vehicle flow_10 at step 14.
[2025-02-14 14:32:51] [ERROR] [ETAVehicleTracker::track_vehicle] Error tracking vehicle flow_10 at step 15.
[2025-02-14 14:32:51] [ERROR] [ETAVehicleTracker::track_vehicle] Error tracking vehicle flow_10 at step 16.
[2025-02-14 14:32:51] [ERROR] [ETAVehicleTracker::track_vehicle] Error tracking vehicle flow_10 at step 17.
[2025-02-14 14:32:51] [ERROR] [ETAVehicleTracker::track_vehicle] Error tracking vehicle flow_10 at step 18.
[2025-02-14 14:32:51] [ERROR] [ETAVehicleTracker::track_vehicle] Error tracking vehicle flow_10 at step 19.
[2025-02-14 14:32:51] [ERROR] [ETAVehicleTracker::track_vehicle] Error tracking vehicle flow_10 at step 20.
[2025-02-14 14:32:52] [ERROR] [ETAVehicleTracker::track_vehicle] Error tracking vehicle flow_10 at step 21.
[2025-02-14 14:32:52] [ERROR] [ETAVehicleTracker::track_vehicle] Error tracking vehicle flow_10 at step 22.
[2025-02-14 14:32:52] [ERROR] [ETAVehicleTracker::track_vehicle] Error tracking vehicle flow_10 at step 23.
[2025-02-14 14:32:52] [ERROR] [ETAVehicleTracker::track_vehicle] Error tracking vehicle flow_10 at step 24.
[2025-02-14 14:32:52] [ERROR] [ETAVehicleTracker::track_vehicle] Error tracking vehicle flow_10 at step 25.
[2025-02-14 14:32:52] [ERROR] [ETAVehicleTracker::track_vehicle] Error tracking vehicle flow_10 at step 26.
[2025-02-14 14:32:52] [ERROR] [ETAVehicleTracker::track_vehicle] Error tracking vehicle flow_10 at step 27.
[2025-02-14 14:32:52] [ERROR] [ETAVehicleTracker::track_vehicle] Error tracking vehicle flow_10 at step 28.
[2025-02-14 14:32:52] [ERROR] [ETAVehicleTracker::track_vehicle] Error tracking vehicle flow_10 at step 29.
[2025-02-14 14:32:52] [ERROR] [ETAVehicleTracker::track_vehicle] Error tracking vehicle flow_10 at step 30.
[2025-02-14 14:32:52] [ERROR] [ETAVehicleTracker::track_vehicle] Error tracking vehicle flow_10 at step 31.
[2025-02-14 14:32:52] [ERROR] [ETAVehicleTracker::track_vehicle] Error tracking vehicle flow_10 at step 32.
[2025-02-14 14:32:52] [ERROR] [ETAVehicleTracker::track_vehicle] Error tracking vehicle flow_10 at step 33.
[2025-02-14 14:32:52] [ERROR] [ETAVehicleTracker::track_vehicle] Error tracking vehicle flow_10 at step 34.
[2025-02-14 14:32:52] [ERROR] [ETAVehicleTracker::track_vehicle] Error tracking vehicle flow_10 at step 35.
[2025-02-14 14:32:52] [ERROR] [ETAVehicleTracker::track_vehicle] Error tracking vehicle flow_10 at step 36.
[2025-02-14 14:32:52] [ERROR] [ETAVehicleTracker::track_vehicle] Error tracking vehicle flow_10 at step 37.
[2025-02-14 14:32:52] [ERROR] [ETAVehicleTracker::track_vehicle] Error tracking vehicle flow_10 at step 38.
[2025-02-14 14:32:52] [ERROR] [ETAVehicleTracker::track_vehicle] Error tracking vehicle flow_10 at step 39.
[2025-02-14 14:32:52] [ERROR] [ETAVehicleTracker::track_vehicle] Error tracking vehicle flow_10 at step 40.
[2025-02-14 14:32:52] [ERROR] [ETAVehicleTracker::track_vehicle] Error tracking vehicle flow_10 at step 41.
[2025-02-14 14:32:52] [ERROR] [ETAVehicleTracker::track_vehicle] Error tracking vehicle flow_10 at step 42.
[2025-02-14 14:32:52] [ERROR] [ETAVehicleTracker::track_vehicle] Error tracking vehicle flow_10 at step 43.
[2025-02-14 14:32:52] [ERROR] [ETAVehicleTracker::track_vehicle] Error tracking vehicle flow_10 at step 44.
[2025-02-14 14:32:52] [ERROR] [ETAVehicleTracker::track_vehicle] Error tracking vehicle flow_10 at step 45.
[2025-02-14 14:32:52] [ERROR] [ETAVehicleTracker::track_vehicle] Error tracking vehicle flow_10 at step 46.
[2025-02-14 14:32:52] [ERROR] [ETAVehicleTracker::track_vehicle] Error tracking vehicle flow_10 at step 47.
[2025-02-14 14:32:52] [ERROR] [ETAVehicleTracker::track_vehicle] Error tracking vehicle flow_10 at step 48.
[2025-02-14 14:32:52] [ERROR] [ETAVehicleTracker::track_vehicle] Error tracking vehicle flow_10 at step 49.
[2025-02-14 14:32:52] [ERROR] [ETAVehicleTracker::track_vehicle] Error tracking vehicle flow_10 at step 50.
[2025-02-14 14:32:52] [ERROR] [ETAVehicleTracker::track_vehicle] Error tracking vehicle flow_10 at step 51.
[2025-02-14 14:32:53] [ERROR] [ETAVehicleTracker::track_vehicle] Error tracking vehicle flow_10 at step 52.
[2025-02-14 14:32:53] [ERROR] [ETAVehicleTracker::track_vehicle] Error tracking vehicle flow_10 at step 53.
[2025-02-14 14:32:53] [ERROR] [ETAVehicleTracker::track_vehicle] Error tracking vehicle flow_10 at step 54.
[2025-02-14 14:32:53] [ERROR] [ETAVehicleTracker::track_vehicle] Error tracking vehicle flow_10 at step 55.
[2025-02-14 14:32:53] [ERROR] [ETAVehicleTracker::track_vehicle] Error tracking vehicle flow_10 at step 56.
[2025-02-14 14:32:53] [ERROR] [ETAVehicleTracker::track_vehicle] Error tracking vehicle flow_10 at step 57.
[2025-02-14 14:32:53] [ERROR] [ETAVehicleTracker::track_vehicle] Error tracking vehicle flow_10 at step 58.
[2025-02-14 14:32:53] [ERROR] [ETAVehicleTracker::track_vehicle] Error tracking vehicle flow_10 at step 59.
[2025-02-14 14:32:53] [ERROR] [ETAVehicleTracker::track_vehicle] Error tracking vehicle flow_10 at step 60.
[2025-02-14 14:32:53] [ERROR] [ETAVehicleTracker::track_vehicle] Error tracking vehicle flow_10 at step 61.
[2025-02-14 14:32:53] [ERROR] [ETAVehicleTracker::track_vehicle] Error tracking vehicle flow_10 at step 62.
[2025-02-14 14:32:53] [ERROR] [ETAVehicleTracker::track_vehicle] Error tracking vehicle flow_10 at step 63.
[2025-02-14 14:32:53] [ERROR] [ETAVehicleTracker::track_vehicle] Error tracking vehicle flow_10 at step 64.
[2025-02-14 14:32:53] [ERROR] [ETAVehicleTracker::track_vehicle] Error tracking vehicle flow_10 at step 65.
[2025-02-14 14:32:53] [ERROR] [ETAVehicleTracker::track_vehicle] Error tracking vehicle flow_10 at step 66.
[2025-02-14 14:32:53] [ERROR] [ETAVehicleTracker::track_vehicle] Error tracking vehicle flow_10 at step 67.
[2025-02-14 14:32:53] [ERROR] [ETAVehicleTracker::track_vehicle] Error tracking vehicle flow_10 at step 68.
[2025-02-14 14:32:53] [ERROR] [ETAVehicleTracker::track_vehicle] Error tracking vehicle flow_10 at step 69.
[2025-02-14 14:32:53] [ERROR] [ETAVehicleTracker::track_vehicle] Error tracking vehicle flow_10 at step 70.
[2025-02-14 14:32:53] [ERROR] [ETAVehicleTracker::track_vehicle] Error tracking vehicle flow_10 at step 71.
[2025-02-14 14:32:53] [ERROR] [ETAVehicleTracker::track_vehicle] Error tracking vehicle flow_10 at step 72.
[2025-02-14 14:32:54] [ERROR] [ETAVehicleTracker::track_vehicle] Error tracking vehicle flow_10 at step 73.
[2025-02-14 14:32:54] [ERROR] [ETAVehicleTracker::track_vehicle] Error tracking vehicle flow_10 at step 74.
[2025-02-14 14:32:54] [ERROR] [ETAVehicleTracker::track_vehicle] Error tracking vehicle flow_10 at step 75.
[2025-02-14 14:32:54] [ERROR] [ETAVehicleTracker::track_vehicle] Error tracking vehicle flow_10 at step 76.
[2025-02-14 14:32:54] [ERROR] [ETAVehicleTracker::track_vehicle] Error tracking vehicle flow_10 at step 77.
[2025-02-14 14:32:54] [ERROR] [ETAVehicleTracker::track_vehicle] Error tracking vehicle flow_10 at step 78.
[2025-02-14 14:32:54] [ERROR] [ETAVehicleTracker::track_vehicle] Error tracking vehicle flow_10 at step 79.
[2025-02-14 14:32:54] [ERROR] [ETAVehicleTracker::track_vehicle] Error tracking vehicle flow_10 at step 80.
[2025-02-14 14:32:54] [ERROR] [ETAVehicleTracker::track_vehicle] Error tracking vehicle flow_10 at step 81.
[2025-02-14 14:32:54] [ERROR] [ETAVehicleTracker::track_vehicle] Error tracking vehicle flow_10 at step 82.
[2025-02-14 14:32:54] [ERROR] [ETAVehicleTracker::track_vehicle] Error tracking vehicle flow_10 at step 83.
[2025-02-14 14:32:54] [ERROR] [ETAVehicleTracker::track_vehicle] Error tracking vehicle flow_10 at step 84.
[2025-02-14 14:32:54] [ERROR] [ETAVehicleTracker::track_vehicle] Error tracking vehicle flow_10 at step 85.
[2025-02-14 14:32:54] [ERROR] [ETAVehicleTracker::track_vehicle] Error tracking vehicle flow_10 at step 86.
[2025-02-14 14:32:54] [ERROR] [ETAVehicleTracker::track_vehicle] Error tracking vehicle flow_10 at step 87.
[2025-02-14 14:32:54] [ERROR] [ETAVehicleTracker::track_vehicle] Error tracking vehicle flow_10 at step 88.
[2025-02-14 14:32:54] [ERROR] [ETAVehicleTracker::track_vehicle] Error tracking vehicle flow_10 at step 89.
[2025-02-14 14:32:54] [ERROR] [ETAVehicleTracker::track_vehicle] Error tracking vehicle flow_10 at step 90.
[2025-02-14 14:32:55] [ERROR] [ETAVehicleTracker::track_vehicle] Error tracking vehicle flow_10 at step 91.
[2025-02-14 14:32:55] [ERROR] [ETAVehicleTracker::track_vehicle] Error tracking vehicle flow_10 at step 92.
[2025-02-14 14:32:55] [ERROR] [ETAVehicleTracker::track_vehicle] Error tracking vehicle flow_10 at step 93.
[2025-02-14 14:32:55] [ERROR] [ETAVehicleTracker::track_vehicle] Error tracking vehicle flow_10 at step 94.
[2025-02-14 14:32:55] [ERROR] [ETAVehicleTracker::track_vehicle] Error tracking vehicle flow_10 at step 95.
[2025-02-14 14:32:55] [ERROR] [ETAVehicleTracker::track_vehicle] Error tracking vehicle flow_10 at step 96.
[2025-02-14 14:32:55] [ERROR] [ETAVehicleTracker::track_vehicle] Error tracking vehicle flow_10 at step 97.
[2025-02-14 14:32:55] [ERROR] [ETAVehicleTracker::track_vehicle] Error tracking vehicle flow_10 at step 98.
[2025-02-14 14:32:55] [ERROR] [ETAVehicleTracker::track_vehicle] Error tracking vehicle flow_10 at step 99.
[2025-02-14 14:32:55] [INFO] [SimulationRunner::run_simulation] Vehicle flow_10 started at None with destination None and max speed 0 m/s.
